Symlinking /home/isaac/Downloads/apriltags_kalman/ros_workspace/devel/share/rotors_gazebo_plugins/cmake/rotors_gazebo_pluginsConfig.cmake
Symlinking /home/isaac/Downloads/apriltags_kalman/ros_workspace/devel/share/rotors_gazebo_plugins/cmake/rotors_gazebo_pluginsConfig-version.cmake
Symlinking /home/isaac/Downloads/apriltags_kalman/ros_workspace/devel/include/rotors_gazebo_plugins/Wrench.pb.h
Symlinking /home/isaac/Downloads/apriltags_kalman/ros_workspace/devel/include/rotors_gazebo_plugins/TransformStampedWithFrameIds.pb.h
Symlinking /home/isaac/Downloads/apriltags_kalman/ros_workspace/devel/include/rotors_gazebo_plugins/WrenchStamped.pb.h
Symlinking /home/isaac/Downloads/apriltags_kalman/ros_workspace/devel/include/rotors_gazebo_plugins/Twist.pb.h
Symlinking /home/isaac/Downloads/apriltags_kalman/ros_workspace/devel/include/rotors_gazebo_plugins/WindSpeed.pb.h
Symlinking /home/isaac/Downloads/apriltags_kalman/ros_workspace/devel/include/rotors_gazebo_plugins/TwistWithCovariance.pb.h
Symlinking /home/isaac/Downloads/apriltags_kalman/ros_workspace/devel/include/rotors_gazebo_plugins/Vector3dStamped.pb.h
Symlinking /home/isaac/Downloads/apriltags_kalman/ros_workspace/devel/include/rotors_gazebo_plugins/TransformStamped.pb.h
Symlinking /home/isaac/Downloads/apriltags_kalman/ros_workspace/devel/include/rotors_gazebo_plugins/ConnectRosToGazeboTopic.pb.h
Symlinking /home/isaac/Downloads/apriltags_kalman/ros_workspace/devel/include/rotors_gazebo_plugins/MagneticField.pb.h
Symlinking /home/isaac/Downloads/apriltags_kalman/ros_workspace/devel/include/rotors_gazebo_plugins/Lidar.pb.h
Symlinking /home/isaac/Downloads/apriltags_kalman/ros_workspace/devel/include/rotors_gazebo_plugins/Float32.pb.h
Symlinking /home/isaac/Downloads/apriltags_kalman/ros_workspace/devel/include/rotors_gazebo_plugins/Transform.pb.h
Symlinking /home/isaac/Downloads/apriltags_kalman/ros_workspace/devel/include/rotors_gazebo_plugins/Header.pb.h
Symlinking /home/isaac/Downloads/apriltags_kalman/ros_workspace/devel/include/rotors_gazebo_plugins/OpticalFlow.pb.h
Symlinking /home/isaac/Downloads/apriltags_kalman/ros_workspace/devel/include/rotors_gazebo_plugins/Actuators.pb.h
Symlinking /home/isaac/Downloads/apriltags_kalman/ros_workspace/devel/include/rotors_gazebo_plugins/RollPitchYawrateThrust.pb.h
Symlinking /home/isaac/Downloads/apriltags_kalman/ros_workspace/devel/include/rotors_gazebo_plugins/PoseStamped.pb.h
Symlinking /home/isaac/Downloads/apriltags_kalman/ros_workspace/devel/include/rotors_gazebo_plugins/CommandMotorSpeed.pb.h
Symlinking /home/isaac/Downloads/apriltags_kalman/ros_workspace/devel/include/rotors_gazebo_plugins/FluidPressure.pb.h
Symlinking /home/isaac/Downloads/apriltags_kalman/ros_workspace/devel/include/rotors_gazebo_plugins/Point.pb.h
Symlinking /home/isaac/Downloads/apriltags_kalman/ros_workspace/devel/include/rotors_gazebo_plugins/Odometry.pb.h
Symlinking /home/isaac/Downloads/apriltags_kalman/ros_workspace/devel/include/rotors_gazebo_plugins/PointStamped.pb.h
Symlinking /home/isaac/Downloads/apriltags_kalman/ros_workspace/devel/include/rotors_gazebo_plugins/TwistStamped.pb.h
Symlinking /home/isaac/Downloads/apriltags_kalman/ros_workspace/devel/include/rotors_gazebo_plugins/JointState.pb.h
Symlinking /home/isaac/Downloads/apriltags_kalman/ros_workspace/devel/include/rotors_gazebo_plugins/NavSatFix.pb.h
Symlinking /home/isaac/Downloads/apriltags_kalman/ros_workspace/devel/include/rotors_gazebo_plugins/Imu.pb.h
Symlinking /home/isaac/Downloads/apriltags_kalman/ros_workspace/devel/include/rotors_gazebo_plugins/ConnectGazeboToRosTopic.pb.h
Symlinking /home/isaac/Downloads/apriltags_kalman/ros_workspace/devel/include/rotors_gazebo_plugins/PoseWithCovarianceStamped.pb.h
Symlinking /home/isaac/Downloads/apriltags_kalman/ros_workspace/devel/include/rotors_gazebo_plugins/PoseWithCovariance.pb.h
Symlinking /home/isaac/Downloads/apriltags_kalman/ros_workspace/devel/lib/librotors_gazebo_wind_plugin.so
Symlinking /home/isaac/Downloads/apriltags_kalman/ros_workspace/devel/lib/librotors_gazebo_noisydepth_plugin.so
Symlinking /home/isaac/Downloads/apriltags_kalman/ros_workspace/devel/lib/librotors_gazebo_controller_interface.so
Symlinking /home/isaac/Downloads/apriltags_kalman/ros_workspace/devel/lib/librotors_gazebo_fw_dynamics_plugin.so
Symlinking /home/isaac/Downloads/apriltags_kalman/ros_workspace/devel/lib/librotors_gazebo_motor_model.so
Symlinking /home/isaac/Downloads/apriltags_kalman/ros_workspace/devel/lib/librotors_gazebo_odometry_plugin.so
Symlinking /home/isaac/Downloads/apriltags_kalman/ros_workspace/devel/lib/librotors_gazebo_mavlink_interface.so
Symlinking /home/isaac/Downloads/apriltags_kalman/ros_workspace/devel/lib/librotors_gazebo_magnetometer_plugin.so
Symlinking /home/isaac/Downloads/apriltags_kalman/ros_workspace/devel/lib/libgazebo_geotagged_images_plugin.so
Symlinking /home/isaac/Downloads/apriltags_kalman/ros_workspace/devel/lib/librotors_gazebo_gps_plugin.so
Symlinking /home/isaac/Downloads/apriltags_kalman/ros_workspace/devel/lib/libLiftDragPlugin.so
Symlinking /home/isaac/Downloads/apriltags_kalman/ros_workspace/devel/lib/librotors_gazebo_ros_interface_plugin.so
Symlinking /home/isaac/Downloads/apriltags_kalman/ros_workspace/devel/lib/librotors_gazebo_imu_plugin.so
Symlinking /home/isaac/Downloads/apriltags_kalman/ros_workspace/devel/lib/librotors_gazebo_pressure_plugin.so
Symlinking /home/isaac/Downloads/apriltags_kalman/ros_workspace/devel/lib/librotors_gazebo_lidar_plugin.so
Symlinking /home/isaac/Downloads/apriltags_kalman/ros_workspace/devel/lib/librotors_gazebo_bag_plugin.so
Symlinking /home/isaac/Downloads/apriltags_kalman/ros_workspace/devel/lib/librotors_gazebo_multirotor_base_plugin.so
Symlinking /home/isaac/Downloads/apriltags_kalman/ros_workspace/devel/lib/pkgconfig/rotors_gazebo_plugins.pc
