[35m[1mScanning dependencies of target apriltag[0m
[  2%] [32mBuilding C object CMakeFiles/apriltag.dir/apriltag.c.o[0m
[  4%] [32mBuilding C object CMakeFiles/apriltag.dir/apriltag_pose.c.o[0m
[  7%] [32mBuilding C object CMakeFiles/apriltag.dir/apriltag_quad_thresh.c.o[0m
[  9%] [32mBuilding C object CMakeFiles/apriltag.dir/common/g2d.c.o[0m
[ 12%] [32mBuilding C object CMakeFiles/apriltag.dir/common/getopt.c.o[0m
[ 14%] [32mBuilding C object CMakeFiles/apriltag.dir/common/homography.c.o[0m
[ 17%] [32mBuilding C object CMakeFiles/apriltag.dir/common/image_u8.c.o[0m
[ 19%] [32mBuilding C object CMakeFiles/apriltag.dir/common/image_u8x3.c.o[0m
[ 21%] [32mBuilding C object CMakeFiles/apriltag.dir/common/image_u8x4.c.o[0m
[ 24%] [32mBuilding C object CMakeFiles/apriltag.dir/common/matd.c.o[0m
[ 26%] [32mBuilding C object CMakeFiles/apriltag.dir/common/pam.c.o[0m
[ 29%] [32mBuilding C object CMakeFiles/apriltag.dir/common/pjpeg-idct.c.o[0m
[35m[1mScanning dependencies of target apriltag_py_docstrings[0m
[ 31%] [34m[1mGenerating apriltag_detect_docstring.h, apriltag_detect_docstring.cxx[0m
[ 34%] [34m[1mGenerating apriltag_py_type_docstring.h, apriltag_py_type_docstring.cxx[0m
[ 34%] Built target apriltag_py_docstrings
[ 36%] [32mBuilding C object CMakeFiles/apriltag.dir/common/pjpeg.c.o[0m
[ 39%] [32mBuilding C object CMakeFiles/apriltag.dir/common/pnm.c.o[0m
[ 41%] [32mBuilding C object CMakeFiles/apriltag.dir/common/pthreads_cross.c.o[0m
[ 43%] [32mBuilding C object CMakeFiles/apriltag.dir/common/string_util.c.o[0m
[ 46%] [32mBuilding C object CMakeFiles/apriltag.dir/common/svd22.c.o[0m
[ 48%] [32mBuilding C object CMakeFiles/apriltag.dir/common/time_util.c.o[0m
[ 51%] [32mBuilding C object CMakeFiles/apriltag.dir/common/unionfind.c.o[0m
[ 53%] [32mBuilding C object CMakeFiles/apriltag.dir/common/workerpool.c.o[0m
[ 56%] [32mBuilding C object CMakeFiles/apriltag.dir/common/zarray.c.o[0m
[ 58%] [32mBuilding C object CMakeFiles/apriltag.dir/common/zhash.c.o[0m
[ 60%] [32mBuilding C object CMakeFiles/apriltag.dir/common/zmaxheap.c.o[0m
[ 63%] [32mBuilding C object CMakeFiles/apriltag.dir/tag16h5.c.o[0m
[ 65%] [32mBuilding C object CMakeFiles/apriltag.dir/tag25h9.c.o[0m
[ 68%] [32mBuilding C object CMakeFiles/apriltag.dir/tag36h10.c.o[0m
[ 70%] [32mBuilding C object CMakeFiles/apriltag.dir/tag36h11.c.o[0m
[ 73%] [32mBuilding C object CMakeFiles/apriltag.dir/tagCircle21h7.c.o[0m
[ 75%] [32mBuilding C object CMakeFiles/apriltag.dir/tagCircle49h12.c.o[0m
[ 78%] [32mBuilding C object CMakeFiles/apriltag.dir/tagCustom48h12.c.o[0m
[ 80%] [32mBuilding C object CMakeFiles/apriltag.dir/tagStandard41h12.c.o[0m
[ 82%] [32mBuilding C object CMakeFiles/apriltag.dir/tagStandard52h13.c.o[0m
[ 85%] [32m[1mLinking C shared library libapriltag.so[0m
[ 85%] Built target apriltag
[35m[1mScanning dependencies of target opencv_demo[0m
[ 87%] [32mBuilding CXX object CMakeFiles/opencv_demo.dir/example/opencv_demo.cc.o[0m
[35m[1mScanning dependencies of target apriltag.[0m
[35m[1mScanning dependencies of target apriltag_demo[0m
[ 90%] [32mBuilding C object CMakeFiles/apriltag..dir/apriltag_pywrap.c.o[0m
[ 92%] [32mBuilding C object CMakeFiles/apriltag_demo.dir/example/apriltag_demo.c.o[0m
[ 95%] [32m[1mLinking C executable apriltag_demo[0m
[ 95%] Built target apriltag_demo
[ 97%] [32m[1mLinking C shared module apriltag..so[0m
[ 97%] Built target apriltag.
[100%] [32m[1mLinking CXX executable opencv_demo[0m
[100%] Built target opencv_demo
