[35m[1mScanning dependencies of target _uav_msgs_generate_messages_check_deps_uav_pose[0m
[  0%] Built target _uav_msgs_generate_messages_check_deps_uav_pose
[35m[1mScanning dependencies of target std_msgs_generate_messages_cpp[0m
[  0%] Built target std_msgs_generate_messages_cpp
[35m[1mScanning dependencies of target nav_msgs_generate_messages_cpp[0m
[  0%] Built target nav_msgs_generate_messages_cpp
[35m[1mScanning dependencies of target geometry_msgs_generate_messages_cpp[0m
[  0%] Built target geometry_msgs_generate_messages_cpp
[35m[1mScanning dependencies of target geometry_msgs_generate_messages_nodejs[0m
[  0%] Built target geometry_msgs_generate_messages_nodejs
[35m[1mScanning dependencies of target nav_msgs_generate_messages_nodejs[0m
[  0%] Built target nav_msgs_generate_messages_nodejs
[35m[1mScanning dependencies of target std_msgs_generate_messages_nodejs[0m
[  0%] Built target std_msgs_generate_messages_nodejs
[35m[1mScanning dependencies of target std_msgs_generate_messages_eus[0m
[  0%] Built target std_msgs_generate_messages_eus
[35m[1mScanning dependencies of target geometry_msgs_generate_messages_eus[0m
[  0%] Built target geometry_msgs_generate_messages_eus
[35m[1mScanning dependencies of target nav_msgs_generate_messages_eus[0m
[  0%] Built target nav_msgs_generate_messages_eus
[35m[1mScanning dependencies of target std_msgs_generate_messages_py[0m
[  0%] Built target std_msgs_generate_messages_py
[35m[1mScanning dependencies of target nav_msgs_generate_messages_py[0m
[  0%] Built target nav_msgs_generate_messages_py
[35m[1mScanning dependencies of target geometry_msgs_generate_messages_py[0m
[  0%] Built target geometry_msgs_generate_messages_py
[35m[1mScanning dependencies of target std_msgs_generate_messages_lisp[0m
[  0%] Built target std_msgs_generate_messages_lisp
[35m[1mScanning dependencies of target geometry_msgs_generate_messages_lisp[0m
[  0%] Built target geometry_msgs_generate_messages_lisp
[35m[1mScanning dependencies of target nav_msgs_generate_messages_lisp[0m
[  0%] Built target nav_msgs_generate_messages_lisp
[35m[1mScanning dependencies of target uav_msgs_generate_messages_cpp[0m
[ 14%] [34m[1mGenerating C++ code from uav_msgs/uav_pose.msg[0m
[ 14%] Built target uav_msgs_generate_messages_cpp
[35m[1mScanning dependencies of target uav_msgs_generate_messages_nodejs[0m
[ 28%] [34m[1mGenerating Javascript code from uav_msgs/uav_pose.msg[0m
[ 28%] Built target uav_msgs_generate_messages_nodejs
[35m[1mScanning dependencies of target uav_msgs_generate_messages_eus[0m
[ 42%] [34m[1mGenerating EusLisp code from uav_msgs/uav_pose.msg[0m
[ 57%] [34m[1mGenerating EusLisp manifest code for uav_msgs[0m
[ 57%] Built target uav_msgs_generate_messages_eus
[35m[1mScanning dependencies of target uav_msgs_generate_messages_py[0m
[ 71%] [34m[1mGenerating Python from MSG uav_msgs/uav_pose[0m
[ 85%] [34m[1mGenerating Python msg __init__.py for uav_msgs[0m
[ 85%] Built target uav_msgs_generate_messages_py
[35m[1mScanning dependencies of target uav_msgs_generate_messages_lisp[0m
[100%] [34m[1mGenerating Lisp code from uav_msgs/uav_pose.msg[0m
[100%] Built target uav_msgs_generate_messages_lisp
[35m[1mScanning dependencies of target uav_msgs_generate_messages[0m
[100%] Built target uav_msgs_generate_messages
